<?xml version="1.0" encoding="UTF-8"?>
<testsuite name="com.fdmgroup.fdmazon.model.OrderTest" time="0.02" tests="34" errors="0" skipped="0" failures="0">
  <properties>
[...]
</properties>
  <testcase name="test_SetUser_ReturnUser_WhenSetToUser" classname="com.fdmgroup.fdmazon.model.OrderTest" time="0.003"/>
  <testcase name="test_RandomCharGenerator_ReturnStringLengthOfTen_WhenTenCharGenerated" classname="com.fdmgroup.fdmazon.model.OrderTest" time="0"/>
  <testcase name="test_GetOrderedDateTime_ReturnNotNull_WhenCalled" classname="com.fdmgroup.fdmazon.model.OrderTest" time="0"/>
  <testcase name="test_ToString_PrintOrder" classname="com.fdmgroup.fdmazon.model.OrderTest" time="0.012"/>
  <testcase name="test_FieldConstructor_OrderObjectIsInitialised_ReturnNotNull" classname="com.fdmgroup.fdmazon.model.OrderTest" time="0"/>
  <testcase name="test_AddOrderProduct_ReturnListSizeOne_WhenAddedAnOrderProduct" classname="com.fdmgroup.fdmazon.model.OrderTest" time="0.001"/>
  <testcase name="test_GetShipHouseNo_ReturnShipHouseNo_WhenCalled" classname="com.fdmgroup.fdmazon.model.OrderTest" time="0.001"/>
  <testcase name="test_GetRecipient_ReturnRecipient_WhenCalled" classname="com.fdmgroup.fdmazon.model.OrderTest" time="0"/>
  <testcase name="test_SetOrderProductList_ReturnList_WhenSetToList" classname="com.fdmgroup.fdmazon.model.OrderTest" time="0"/>
  <testcase name="testSetShipHouseNo_ReturnABC_WhenSetToABC" classname="com.fdmgroup.fdmazon.model.OrderTest" time="0"/>
  <testcase name="test_GetShipPostcode_ReturnShipPostcode_WhenCalled" classname="com.fdmgroup.fdmazon.model.OrderTest" time="0"/>
  <testcase name="test_GetReturnedDateTime_ReturnNull_WhenCalled" classname="com.fdmgroup.fdmazon.model.OrderTest" time="0"/>
  <testcase name="test_GetCancelledDateTime_ReturnNull_WhenCalled" classname="com.fdmgroup.fdmazon.model.OrderTest" time="0.001"/>
  <testcase name="test_GetShippedDateTime_ReturnNull_WhenCalled" classname="com.fdmgroup.fdmazon.model.OrderTest" time="0"/>
  <testcase name="test_SetOrderedDateTime_ReturnDate_WhenSetToDate" classname="com.fdmgroup.fdmazon.model.OrderTest" time="0"/>
  <testcase name="test_GetUser_ReturnUser_WhenCalled" classname="com.fdmgroup.fdmazon.model.OrderTest" time="0.001"/>
  <testcase name="test_SetShipCountry_ReturnABC_WhenSetToABC" classname="com.fdmgroup.fdmazon.model.OrderTest" time="0"/>
  <testcase name="test_GetOrderId_ReturnNotNull_WhenCalled" classname="com.fdmgroup.fdmazon.model.OrderTest" time="0"/>
  <testcase name="test_GetPackedDateTime_ReturnNull_WhenCalled" classname="com.fdmgroup.fdmazon.model.OrderTest" time="0"/>
  <testcase name="test_GetShipTown_ReturnShipTown_WhenCalled" classname="com.fdmgroup.fdmazon.model.OrderTest" time="0"/>
  <testcase name="test_SetRecipient_ReturnABC_WhenSetToABC" classname="com.fdmgroup.fdmazon.model.OrderTest" time="0"/>
  <testcase name="test_SetCancelledDateTime_ReturnDate_WhenSetToDate" classname="com.fdmgroup.fdmazon.model.OrderTest" time="0"/>
  <testcase name="test_SetReturnedDateTime_ReturnDate_WhenSetToDate" classname="com.fdmgroup.fdmazon.model.OrderTest" time="0"/>
  <testcase name="test_SetShipStreet_ReturnABC_WhenSetToABC" classname="com.fdmgroup.fdmazon.model.OrderTest" time="0"/>
  <testcase name="test_SetTrackingCode_ReturnABC_WhenSetToABC" classname="com.fdmgroup.fdmazon.model.OrderTest" time="0"/>
  <testcase name="test_SetShippedDateTime_ReturnDate_WhenSetToDate" classname="com.fdmgroup.fdmazon.model.OrderTest" time="0"/>
  <testcase name="test_SetPackedDateTime_ReturnDate_WhenSetToDate" classname="com.fdmgroup.fdmazon.model.OrderTest" time="0"/>
  <testcase name="test_SetShipPostcode_ReturnABC_WhenSetToABC" classname="com.fdmgroup.fdmazon.model.OrderTest" time="0"/>
  <testcase name="test_GetShipStreet_ReturnShipStreet_WhenCalled" classname="com.fdmgroup.fdmazon.model.OrderTest" time="0"/>
  <testcase name="test_SetShipTown_ReturnABC_WhenSetToABC" classname="com.fdmgroup.fdmazon.model.OrderTest" time="0.001"/>
  <testcase name="test_GetOrderProductList_ReturnList_WhenCalled" classname="com.fdmgroup.fdmazon.model.OrderTest" time="0"/>
  <testcase name="test_GetShipCountry_ReturnShipCountry_WhenCalled" classname="com.fdmgroup.fdmazon.model.OrderTest" time="0"/>
  <testcase name="test_TrackingCodeGenerator_ReturnNotNull_WhenCalled" classname="com.fdmgroup.fdmazon.model.OrderTest" time="0"/>
  <testcase name="test_GetTrackingCode_ReturnNotNull_WhenCalled" classname="com.fdmgroup.fdmazon.model.OrderTest" time="0"/>
</testsuite>