<?xml version="1.0" encoding="UTF-8"?>
<testsuite name="com.fdmgroup.fdmazon.model.ProductTest" time="0.005" tests="21" errors="0" skipped="0" failures="0">
  <properties>
[...]
</properties>
  <testcase name="test_SetStock_ReturnFive_WhenSetToFive" classname="com.fdmgroup.fdmazon.model.ProductTest" time="0"/>
  <testcase name="test_GetProductCode_ReturnProductCode_WhenCalled" classname="com.fdmgroup.fdmazon.model.ProductTest" time="0"/>
  <testcase name="test_SetProductBrand_ReturnABC_WhenSetToABC" classname="com.fdmgroup.fdmazon.model.ProductTest" time="0"/>
  <testcase name="test_SetProductImg_ReturnABC_WhenSetToABC" classname="com.fdmgroup.fdmazon.model.ProductTest" time="0"/>
  <testcase name="test_GetProductImg_ReturnProductImg_WhenCalled" classname="com.fdmgroup.fdmazon.model.ProductTest" time="0"/>
  <testcase name="test_SetProductDescription_ReturnABC_WhenSetToABC" classname="com.fdmgroup.fdmazon.model.ProductTest" time="0.001"/>
  <testcase name="test_SetProductId_ReturnFive_WhenSetFive" classname="com.fdmgroup.fdmazon.model.ProductTest" time="0"/>
  <testcase name="test_SetOrderProductList_ReturnList_WhenSetToList" classname="com.fdmgroup.fdmazon.model.ProductTest" time="0"/>
  <testcase name="test_GetProductDescription_ReturnProductDescription_WhenCalled" classname="com.fdmgroup.fdmazon.model.ProductTest" time="0"/>
  <testcase name="test_SetProductPrice_ReturnOneHundred_WhenSetToOneHundred" classname="com.fdmgroup.fdmazon.model.ProductTest" time="0"/>
  <testcase name="test_ToString_ReturnNotNull_WhenCalled" classname="com.fdmgroup.fdmazon.model.ProductTest" time="0.002"/>
  <testcase name="test_SetCategory_ReturnABC_WhenSetToABC" classname="com.fdmgroup.fdmazon.model.ProductTest" time="0"/>
  <testcase name="test_SetProductCode_ReturnABC_WhenSetToABC" classname="com.fdmgroup.fdmazon.model.ProductTest" time="0"/>
  <testcase name="test_SetProductName_ReturnABC_WhenSetToABC" classname="com.fdmgroup.fdmazon.model.ProductTest" time="0.001"/>
  <testcase name="test_GetProductPrice_ReturnOne_WhenCalled" classname="com.fdmgroup.fdmazon.model.ProductTest" time="0"/>
  <testcase name="test_GetOrderProductList_ReturnNotNull_WhenCalled" classname="com.fdmgroup.fdmazon.model.ProductTest" time="0.001"/>
  <testcase name="test_GetProductBrand_ReturnProductBrand_WhenCalled" classname="com.fdmgroup.fdmazon.model.ProductTest" time="0"/>
  <testcase name="test_GetProductName_ReturnProductName_WhenCalled" classname="com.fdmgroup.fdmazon.model.ProductTest" time="0"/>
  <testcase name="test_GetStock_ReturnOne_WhenCalled" classname="com.fdmgroup.fdmazon.model.ProductTest" time="0"/>
  <testcase name="test_GetCategory_ReturnCategory_WhenCalled" classname="com.fdmgroup.fdmazon.model.ProductTest" time="0"/>
  <testcase name="test_GetProductId_ReturnNotNull_WhenCalled" classname="com.fdmgroup.fdmazon.model.ProductTest" time="0"/>
</testsuite>